[2023-10-28T21:11:25.524+0000] {manager.py:487} INFO - Processing files using up to 2 processes at a time 
[2023-10-28T21:11:25.524+0000] {manager.py:488} INFO - Process each file at most once every 30 seconds
[2023-10-28T21:11:25.525+0000] {manager.py:489} INFO - Checking for new files in /opt/airflow/dags every 300 seconds
[2023-10-28T21:11:25.525+0000] {manager.py:755} INFO - Searching for files in /opt/airflow/dags
[2023-10-28T21:11:25.530+0000] {manager.py:758} INFO - There are 0 files in /opt/airflow/dags
[2023-10-28T21:16:26.396+0000] {manager.py:755} INFO - Searching for files in /opt/airflow/dags
[2023-10-28T21:16:26.398+0000] {manager.py:758} INFO - There are 0 files in /opt/airflow/dags
[2023-10-28T21:21:27.352+0000] {manager.py:755} INFO - Searching for files in /opt/airflow/dags
[2023-10-28T21:21:27.354+0000] {manager.py:758} INFO - There are 0 files in /opt/airflow/dags
[2023-10-28T21:26:27.396+0000] {manager.py:755} INFO - Searching for files in /opt/airflow/dags
[2023-10-28T21:26:27.398+0000] {manager.py:758} INFO - There are 0 files in /opt/airflow/dags
[2023-10-28T21:31:28.337+0000] {manager.py:755} INFO - Searching for files in /opt/airflow/dags
[2023-10-28T21:31:28.340+0000] {manager.py:758} INFO - There are 0 files in /opt/airflow/dags
[2023-10-28T21:36:28.858+0000] {manager.py:755} INFO - Searching for files in /opt/airflow/dags
[2023-10-28T21:36:28.860+0000] {manager.py:758} INFO - There are 0 files in /opt/airflow/dags
[2023-10-28T21:41:29.562+0000] {manager.py:755} INFO - Searching for files in /opt/airflow/dags
[2023-10-28T21:41:29.563+0000] {manager.py:758} INFO - There are 0 files in /opt/airflow/dags
[2023-10-28T21:46:30.365+0000] {manager.py:755} INFO - Searching for files in /opt/airflow/dags
[2023-10-28T21:46:30.367+0000] {manager.py:758} INFO - There are 0 files in /opt/airflow/dags
[2023-10-28T21:51:31.188+0000] {manager.py:755} INFO - Searching for files in /opt/airflow/dags
[2023-10-28T21:51:31.189+0000] {manager.py:758} INFO - There are 0 files in /opt/airflow/dags
[2023-10-28T21:56:31.992+0000] {manager.py:755} INFO - Searching for files in /opt/airflow/dags
[2023-10-28T21:56:31.993+0000] {manager.py:758} INFO - There are 0 files in /opt/airflow/dags
[2023-10-28T22:01:32.762+0000] {manager.py:755} INFO - Searching for files in /opt/airflow/dags
[2023-10-28T22:01:32.763+0000] {manager.py:758} INFO - There are 0 files in /opt/airflow/dags
[2023-10-28T22:06:33.686+0000] {manager.py:755} INFO - Searching for files in /opt/airflow/dags
[2023-10-28T22:06:33.690+0000] {manager.py:758} INFO - There are 0 files in /opt/airflow/dags
[2023-10-28T22:10:10.157+0000] {manager.py:469} INFO - Exiting gracefully upon receiving signal 15
[2023-10-29T09:28:49.929+0000] {manager.py:487} INFO - Processing files using up to 2 processes at a time 
[2023-10-29T09:28:49.931+0000] {manager.py:488} INFO - Process each file at most once every 30 seconds
[2023-10-29T09:28:49.931+0000] {manager.py:489} INFO - Checking for new files in /opt/airflow/dags every 300 seconds
[2023-10-29T09:28:49.932+0000] {manager.py:755} INFO - Searching for files in /opt/airflow/dags
[2023-10-29T09:28:49.935+0000] {manager.py:758} INFO - There are 0 files in /opt/airflow/dags
[2023-10-29T09:32:15.120+0000] {manager.py:469} INFO - Exiting gracefully upon receiving signal 15
[2023-10-29T09:33:25.989+0000] {manager.py:487} INFO - Processing files using up to 2 processes at a time 
[2023-10-29T09:33:25.990+0000] {manager.py:488} INFO - Process each file at most once every 30 seconds
[2023-10-29T09:33:25.991+0000] {manager.py:489} INFO - Checking for new files in /opt/airflow/dags every 300 seconds
[2023-10-29T09:33:25.991+0000] {manager.py:755} INFO - Searching for files in /opt/airflow/dags
[2023-10-29T09:33:25.993+0000] {manager.py:758} INFO - There are 0 files in /opt/airflow/dags
[2023-10-29T09:33:52.106+0000] {manager.py:469} INFO - Exiting gracefully upon receiving signal 15
[2023-10-29T09:47:51.663+0000] {manager.py:487} INFO - Processing files using up to 2 processes at a time 
[2023-10-29T09:47:51.664+0000] {manager.py:488} INFO - Process each file at most once every 30 seconds
[2023-10-29T09:47:51.665+0000] {manager.py:489} INFO - Checking for new files in /opt/airflow/dags every 300 seconds
[2023-10-29T09:47:51.665+0000] {manager.py:755} INFO - Searching for files in /opt/airflow/dags
[2023-10-29T09:47:51.668+0000] {manager.py:758} INFO - There are 0 files in /opt/airflow/dags
[2023-10-29T09:52:52.557+0000] {manager.py:755} INFO - Searching for files in /opt/airflow/dags
[2023-10-29T09:52:52.560+0000] {manager.py:758} INFO - There are 0 files in /opt/airflow/dags
[2023-10-29T09:54:11.601+0000] {manager.py:469} INFO - Exiting gracefully upon receiving signal 15
[2023-10-29T09:56:16.080+0000] {manager.py:487} INFO - Processing files using up to 2 processes at a time 
[2023-10-29T09:56:16.082+0000] {manager.py:488} INFO - Process each file at most once every 30 seconds
[2023-10-29T09:56:16.083+0000] {manager.py:489} INFO - Checking for new files in /opt/airflow/dags every 300 seconds
[2023-10-29T09:56:16.084+0000] {manager.py:755} INFO - Searching for files in /opt/airflow/dags
[2023-10-29T09:56:16.087+0000] {manager.py:758} INFO - There are 0 files in /opt/airflow/dags
